[2m2024-09-05T08:33:01.683604Z[0m [31mERROR[0m [2mglazewm[0m[2m:[0m general.startup_commands: unrecognized subcommand
 at line 4 column 21
[2m2024-09-05T08:33:30.731382Z[0m [31mERROR[0m [2mglazewm[0m[2m:[0m general.startup_commands: unrecognized subcommand
 at line 4 column 21
[2m2024-09-05T08:34:34.389217Z[0m [31mERROR[0m [2mglazewm[0m[2m:[0m general.startup_commands: unrecognized subcommand
 at line 4 column 21
[2m2024-09-05T08:35:42.821006Z[0m [31mERROR[0m [2mglazewm[0m[2m:[0m general.startup_commands: unrecognized subcommand
 at line 4 column 21
[2m2024-09-05T08:35:54.638675Z[0m [31mERROR[0m [2mglazewm[0m[2m:[0m general.startup_commands: unrecognized subcommand
 at line 4 column 21
[2m2024-09-05T09:13:10.514084Z[0m [31mERROR[0m [2mglazewm::common::commands::shell_exec[0m[2m:[0m [3merr_message[0m[2m=[0m"Failed to execute '\"%USERPROFILE%/.glzr/zebar/start.bat\"'.\n\nError: Command doesn't have an ending `\"`: '\"%USERPROFILE%/.glzr/zebar/start.bat\"'."
[2m2024-09-05T09:13:40.192491Z[0m [31mERROR[0m [2mglazewm[0m[2m:[0m Another instance of the application is already running.
[2m2024-09-05T09:13:52.148175Z[0m [31mERROR[0m [2mglazewm::common::commands::shell_exec[0m[2m:[0m [3merr_message[0m[2m=[0m"Failed to execute '$USERPROFILE/.glzr/zebar/start.bat'.\n\nError: Program path is not valid for command '$USERPROFILE/.glzr/zebar/start.bat'."
[2m2024-09-05T09:14:06.602260Z[0m [31mERROR[0m [2mglazewm[0m[2m:[0m Another instance of the application is already running.
[2m2024-09-05T13:51:37.738277Z[0m [31mERROR[0m [2mglazewm[0m[2m:[0m keybindings[22].commands: unrecognized subcommand
 at line 237 column 15
[2m2024-09-05T13:53:05.154491Z[0m [31mERROR[0m [2mglazewm[0m[2m:[0m keybindings[22].commands: unrecognized subcommand
 at line 237 column 15
[2m2024-09-05T13:54:17.498100Z[0m [31mERROR[0m [2mglazewm::common::commands::shell_exec[0m[2m:[0m [3merr_message[0m[2m=[0m"Failed to execute '\"%userprofile%/.glzr/zebar/start.bat\"'.\n\nError: Command doesn't have an ending `\"`: '\"%userprofile%/.glzr/zebar/start.bat\"'."
[2m2024-09-05T13:55:14.727835Z[0m [31mERROR[0m [2mglazewm::common::commands::shell_exec[0m[2m:[0m [3merr_message[0m[2m=[0m"Failed to execute '\"cmd /C %userprofile%/.glzr/zebar/start.bat\"'.\n\nError: Command doesn't have an ending `\"`: '\"cmd /C %userprofile%/.glzr/zebar/start.bat\"'."
[2m2024-09-05T13:55:23.212396Z[0m [31mERROR[0m [2mglazewm::common::commands::shell_exec[0m[2m:[0m [3merr_message[0m[2m=[0m"Failed to execute '\"%userprofile%\"/.glzr/zebar/start.bat\"'.\n\nError: The operation was canceled by the user. (0x800704C7)"
[2m2024-09-05T13:55:46.898629Z[0m [31mERROR[0m [2mglazewm::common::commands::shell_exec[0m[2m:[0m [3merr_message[0m[2m=[0m"Failed to execute '\"%userprofile%\"/.glzr/zebar/start.bat\"'.\n\nError: The operation was canceled by the user. (0x800704C7)"
[2m2024-09-05T13:55:51.609721Z[0m [31mERROR[0m [2mglazewm::common::commands::shell_exec[0m[2m:[0m [3merr_message[0m[2m=[0m"Failed to execute '\"%userprofile%\\.glzr\\zebar\\start.bat\"'.\n\nError: Command doesn't have an ending `\"`: '\"%userprofile%\\.glzr\\zebar\\start.bat\"'."
[2m2024-09-05T13:55:54.114681Z[0m [31mERROR[0m [2mglazewm::common::commands::shell_exec[0m[2m:[0m [3merr_message[0m[2m=[0m"Failed to execute '\"%userprofile%\\.glzr\\zebar\\start.bat\"'.\n\nError: Command doesn't have an ending `\"`: '\"%userprofile%\\.glzr\\zebar\\start.bat\"'."
[2m2024-09-05T13:56:13.080880Z[0m [31mERROR[0m [2mglazewm::common::commands::shell_exec[0m[2m:[0m [3merr_message[0m[2m=[0m"Failed to execute '\"%userprofile%\\.glzr\\zebar\\start.bat\"'.\n\nError: Command doesn't have an ending `\"`: '\"%userprofile%\\.glzr\\zebar\\start.bat\"'."
[2m2024-09-05T13:56:14.890775Z[0m [31mERROR[0m [2mglazewm::common::commands::shell_exec[0m[2m:[0m [3merr_message[0m[2m=[0m"Failed to execute '\"%userprofile%\"\\.glzr\\zebar\\start.bat'.\n\nError: Command doesn't have an ending `\"`: '\"%userprofile%\"\\.glzr\\zebar\\start.bat'."
[2m2024-09-05T13:57:51.906344Z[0m [31mERROR[0m [2mglazewm::common::commands::shell_exec[0m[2m:[0m [3merr_message[0m[2m=[0m"Failed to execute '\"%userprofile%\"\\.glzr\\zebar\\start.bat'.\n\nError: Command doesn't have an ending `\"`: '\"%userprofile%\"\\.glzr\\zebar\\start.bat'."
[2m2024-09-05T13:58:05.175937Z[0m [31mERROR[0m [2mglazewm::common::commands::shell_exec[0m[2m:[0m [3merr_message[0m[2m=[0m"Failed to execute '\"%userprofile%\\.glzr\\zebar\\start.bat\"'.\n\nError: Command doesn't have an ending `\"`: '\"%userprofile%\\.glzr\\zebar\\start.bat\"'."
[2m2024-09-05T13:58:08.917234Z[0m [31mERROR[0m [2mglazewm::common::commands::shell_exec[0m[2m:[0m [3merr_message[0m[2m=[0m"Failed to execute '\\\"%userprofile%\\.glzr\\zebar\\start.bat\\\"'.\n\nError: Program path is not valid for command '\\\"%userprofile%\\.glzr\\zebar\\start.bat\\\"'."
[2m2024-09-05T13:59:20.028014Z[0m [31mERROR[0m [2mglazewm::common::commands::shell_exec[0m[2m:[0m [3merr_message[0m[2m=[0m"Failed to execute '\\\"%userprofile%\\.glzr\\zebar\\start.bat\\\"'.\n\nError: Program path is not valid for command '\\\"%userprofile%\\.glzr\\zebar\\start.bat\\\"'."
[2m2024-09-05T13:59:21.008409Z[0m [31mERROR[0m [2mglazewm::common::commands::shell_exec[0m[2m:[0m [3merr_message[0m[2m=[0m"Failed to execute '\"%userprofile%\"\\.glzr\\zebar\\start.bat'.\n\nError: Command doesn't have an ending `\"`: '\"%userprofile%\"\\.glzr\\zebar\\start.bat'."
[2m2024-09-05T13:59:22.570400Z[0m [31mERROR[0m [2mglazewm::common::commands::shell_exec[0m[2m:[0m [3merr_message[0m[2m=[0m"Failed to execute '\"%userprofile%\"\\.glzr\\zebar\\start.bat'.\n\nError: Command doesn't have an ending `\"`: '\"%userprofile%\"\\.glzr\\zebar\\start.bat'."
[2m2024-09-05T13:59:29.235543Z[0m [31mERROR[0m [2mglazewm::common::commands::shell_exec[0m[2m:[0m [3merr_message[0m[2m=[0m"Failed to execute '\"%userprofile%\"\\.glzr\\zebar\\start.bat'.\n\nError: Command doesn't have an ending `\"`: '\"%userprofile%\"\\.glzr\\zebar\\start.bat'."
[2m2024-09-05T13:59:31.102090Z[0m [31mERROR[0m [2mglazewm::common::commands::shell_exec[0m[2m:[0m [3merr_message[0m[2m=[0m"Failed to execute '\"%USERPROFILE%\"\\.glzr\\zebar\\start.bat'.\n\nError: Command doesn't have an ending `\"`: '\"%USERPROFILE%\"\\.glzr\\zebar\\start.bat'."
[2m2024-09-05T14:00:02.500996Z[0m [31mERROR[0m [2mglazewm[0m[2m:[0m found unknown escape character at line 238 column 43, while parsing a quoted scalar at line 238 column 16
[2m2024-09-05T14:00:03.736797Z[0m [31mERROR[0m [2mglazewm[0m[2m:[0m found unknown escape character at line 238 column 43, while parsing a quoted scalar at line 238 column 16
[2m2024-09-05T14:02:18.130123Z[0m [31mERROR[0m [2mglazewm::common::commands::shell_exec[0m[2m:[0m [3merr_message[0m[2m=[0m"Failed to execute '\"%USERPROFILE%\"\\.glzr\\zebar\\start.bat'.\n\nError: Command doesn't have an ending `\"`: '\"%USERPROFILE%\"\\.glzr\\zebar\\start.bat'."
